WALLTIME (seconds): 44.6571364402771

############################## LOG ##############################
Storm-pomdp 1.6.4 (dev)

Time for model input parsing: 0.004s.

Time for model construction: 0.027s.

-------------------------------------------------------------- 
Model type: 	POMDP (sparse)
States: 	1226
Transitions: 	6461
Choices: 	2954
Observations: 	761
Reward Models:  none
State Labels: 	4 labels
   * deadlock -> 0 item(s)
   * init -> 1 item(s)
   * notbad -> 1177 item(s)
   * goal -> 25 item(s)
Choice Labels: 	6 labels
   * placement -> 1 item(s)
   * adv -> 576 item(s)
   * east -> 576 item(s)
   * north -> 576 item(s)
   * south -> 576 item(s)
   * west -> 576 item(s)
-------------------------------------------------------------- 
Analyzing property 'Pmax=? ["notbad" U "goal"]'
Exploring the belief MDP... 
 WARN (SparseMdpPrctlHelper.cpp:357): A non-empty hint was provided, but its information will be disregarded.
##### Grid Approximation Statistics ######
# Input model: 
-------------------------------------------------------------- 
Model type: 	POMDP (sparse)
States: 	1226
Transitions: 	6461
Choices: 	2954
Observations: 	761
Reward Models:  none
State Labels: 	4 labels
   * deadlock -> 0 item(s)
   * init -> 1 item(s)
   * notbad -> 1177 item(s)
   * goal -> 25 item(s)
Choice Labels: 	6 labels
   * placement -> 1 item(s)
   * adv -> 576 item(s)
   * east -> 576 item(s)
   * north -> 576 item(s)
   * south -> 576 item(s)
   * west -> 576 item(s)
-------------------------------------------------------------- 
# Max. Number of states with same observation: 16
# Total check time: 44.491s
# Number of states in the grid MDP for the over-approximation: 761639
# Maximal resolution for over-approximation: 8
# Time spend for building the over-approx grid MDP(s): 20.877s
# Time spend for checking the over-approx grid MDP(s): 21.424s
##########################################

Result: ≤ 0.9745837231
Time for POMDP analysis: 44.491ss.

Performance statistics:
  * peak memory usage: 1897MB
  * CPU time: 43.586s
  * wallclock time: 44.533s
