WALLTIME (seconds): 0.7438616752624512

############################## LOG ##############################
Storm-pomdp 1.6.4 (dev)

Time for model input parsing: 0.004s.

Time for model construction: 0.018s.

-------------------------------------------------------------- 
Model type: 	POMDP (sparse)
States: 	208
Transitions: 	989
Choices: 	565
Observations: 	50
Reward Models:  none
State Labels: 	4 labels
   * deadlock -> 0 item(s)
   * init -> 1 item(s)
   * notbad -> 159 item(s)
   * goal -> 4 item(s)
Choice Labels: 	6 labels
   * placement -> 1 item(s)
   * south -> 126 item(s)
   * refuel -> 12 item(s)
   * east -> 126 item(s)
   * north -> 124 item(s)
   * west -> 124 item(s)
-------------------------------------------------------------- 
Analyzing property 'Pmax=? ["notbad" U "goal"]'
Exploring the belief MDP... 
 WARN (SparseMdpPrctlHelper.cpp:357): A non-empty hint was provided, but its information will be disregarded.
##### Grid Approximation Statistics ######
# Input model: 
-------------------------------------------------------------- 
Model type: 	POMDP (sparse)
States: 	208
Transitions: 	989
Choices: 	565
Observations: 	50
Reward Models:  none
State Labels: 	4 labels
   * deadlock -> 0 item(s)
   * init -> 1 item(s)
   * notbad -> 159 item(s)
   * goal -> 4 item(s)
Choice Labels: 	6 labels
   * placement -> 1 item(s)
   * south -> 126 item(s)
   * refuel -> 12 item(s)
   * east -> 126 item(s)
   * north -> 124 item(s)
   * west -> 124 item(s)
-------------------------------------------------------------- 
# Max. Number of states with same observation: 22
# Total check time: 0.647s
# Number of states in the grid MDP for the over-approximation: 47602
# Maximal resolution for over-approximation: 8
# Time spend for building the over-approx grid MDP(s): 0.479s
# Time spend for checking the over-approx grid MDP(s): 0.108s
##########################################

Result: ≤ 0.6866955264
Time for POMDP analysis: 0.647ss.

Performance statistics:
  * peak memory usage: 93MB
  * CPU time: 0.672s
  * wallclock time: 0.673s
