WALLTIME (seconds): 410.21154856681824

############################## LOG ##############################
Storm-pomdp 1.6.4 (dev)

Time for model input parsing: 0.003s.

Time for model construction: 0.022s.

-------------------------------------------------------------- 
Model type: 	POMDP (sparse)
States: 	470
Transitions: 	2599
Choices: 	1431
Observations: 	66
Reward Models:  none
State Labels: 	4 labels
   * deadlock -> 0 item(s)
   * init -> 1 item(s)
   * notbad -> 387 item(s)
   * goal -> 4 item(s)
Choice Labels: 	6 labels
   * placement -> 1 item(s)
   * south -> 335 item(s)
   * refuel -> 18 item(s)
   * east -> 335 item(s)
   * north -> 328 item(s)
   * west -> 328 item(s)
-------------------------------------------------------------- 
Analyzing property 'Pmax=? ["notbad" U "goal"]'
Exploring the belief MDP... 
 WARN (SparseMdpPrctlHelper.cpp:357): A non-empty hint was provided, but its information will be disregarded.
##### Grid Approximation Statistics ######
# Input model: 
-------------------------------------------------------------- 
Model type: 	POMDP (sparse)
States: 	470
Transitions: 	2599
Choices: 	1431
Observations: 	66
Reward Models:  none
State Labels: 	4 labels
   * deadlock -> 0 item(s)
   * init -> 1 item(s)
   * notbad -> 387 item(s)
   * goal -> 4 item(s)
Choice Labels: 	6 labels
   * placement -> 1 item(s)
   * south -> 335 item(s)
   * refuel -> 18 item(s)
   * east -> 335 item(s)
   * north -> 328 item(s)
   * west -> 328 item(s)
-------------------------------------------------------------- 
# Max. Number of states with same observation: 46
# Total check time: 409.613s
# Number of states in the grid MDP for the over-approximation: 11581447
# Maximal resolution for over-approximation: 8
# Time spend for building the over-approx grid MDP(s): 327.219s
# Time spend for checking the over-approx grid MDP(s): 51.266s
##########################################

Result: ≤ 0.5086484231
Time for POMDP analysis: 409.613ss.

Performance statistics:
  * peak memory usage: 20049MB
  * CPU time: 394.434s
  * wallclock time: 409.681s
