WALLTIME (seconds): 1271.1073701381683

############################## LOG ##############################
Storm-pomdp 1.6.4 (dev)

Time for model input parsing: 0.006s.

Time for model construction: 0.025s.

-------------------------------------------------------------- 
Model type: 	POMDP (sparse)
States: 	1226
Transitions: 	6461
Choices: 	2954
Observations: 	384
Reward Models:  none
State Labels: 	4 labels
   * deadlock -> 0 item(s)
   * init -> 1 item(s)
   * notbad -> 1177 item(s)
   * goal -> 25 item(s)
Choice Labels: 	6 labels
   * placement -> 1 item(s)
   * adv -> 576 item(s)
   * east -> 576 item(s)
   * north -> 576 item(s)
   * south -> 576 item(s)
   * west -> 576 item(s)
-------------------------------------------------------------- 
Analyzing property 'Pmax=? ["notbad" U "goal"]'
Exploring the belief MDP... 
 WARN (SparseMdpPrctlHelper.cpp:357): A non-empty hint was provided, but its information will be disregarded.
##### Grid Approximation Statistics ######
# Input model: 
-------------------------------------------------------------- 
Model type: 	POMDP (sparse)
States: 	1226
Transitions: 	6461
Choices: 	2954
Observations: 	384
Reward Models:  none
State Labels: 	4 labels
   * deadlock -> 0 item(s)
   * init -> 1 item(s)
   * notbad -> 1177 item(s)
   * goal -> 25 item(s)
Choice Labels: 	6 labels
   * placement -> 1 item(s)
   * adv -> 576 item(s)
   * east -> 576 item(s)
   * north -> 576 item(s)
   * south -> 576 item(s)
   * west -> 576 item(s)
-------------------------------------------------------------- 
# Max. Number of states with same observation: 21
# Total check time: 1270.243s
# Number of states in the grid MDP for the over-approximation: 13650363
# Maximal resolution for over-approximation: 8
# Time spend for building the over-approx grid MDP(s): 539.231s
# Time spend for checking the over-approx grid MDP(s): 688.002s
##########################################

Result: ≤ 0.9423470862
Time for POMDP analysis: 1270.243ss.

Performance statistics:
  * peak memory usage: 34128MB
  * CPU time: 1238.902s
  * wallclock time: 1270.285s
